--> !D19427010814.
<-- :D19427010803008C
 
--> !D19427010814.
<-- :D19427010803008C
 
--> !D1942303300D.
<-- :D194230330pruebas lab      Remote Control 54
 
--> !D1942303300D.
<-- :D194230330pruebas lab      Remote Control 54
 
--> !D1942103200A.
<-- :D19421032000B0142419FF1409142419FF1409FFFF1FB5000601710000FFFFFFFF32303030C8
 
--> !D1942103200A.
<-- :D19421032000B0142419FF1409142419FF1409FFFF1FB5000601710000FFFFFFFF32303030C8
 
--> !D19421030008.
<-- :D19421030007070A0F204320431412010101000100010001000100010001000100AD8F7BF795
 
--> !D19421030008.
<-- :D19421030007070A0F204320431412010101000100010001000100010001000100AD8F7BF795
 
--> !D19421031009.
<-- :D19421031024C60DB30EB60000000000000000016311005ECFABBFFFB420492001141207343D
 
--> !D19421031009.
<-- :D19421031024C60DB30EB60000000000000000016311005ECFABBFFFB420492001141207343D
 
--> !D1942103400C.
<-- :D1942103400684046005EC0931037E05DB0D0203A8098E02300215073109C101E1071F035536
 

