--> !D19420017814.
<-- :D1942100050547000004D20000000000000000000003DB000004AC000000000000000001634A
 
--> !D19420017814.
<-- :D194210005020A000005450000000000000000000003BE000004B50000000000000000016335
 
--> !D19420017814.
<-- :D19421000502C20000058C0000000000000000000003AF000004C20000000000000000016349
 
--> !D19420017814.
<-- :D194210005017E000004D9000000000000000000000390000004C30000000000000000016333
 
--> !D19420017814.
<-- :D194210005125400000412000000000000000000000457000004BA0000000000000000016319
 
--> !D19420017814.
<-- :D19421000506C30000052A000000000000000000000476000004BF0000000000000000016340
 
--> !D19420017814.
<-- :D1942100050AEF000003800000000000000000000004C5000004B00000000000000000016348
 
--> !D19420017814.
<-- :D1942100050685000003D30000000000000000000004D9000004A60000000000000000016338
 
--> !D19420017814.
<-- :D1942100050A1200000469000000000000000000000513000004A30000000000000000016317
 
--> !D19420017814.
<-- :D19421000502BA0000060A0000000000000000000004FA000004B2000000000000000001634E
 
--> !D19420017814.
<-- :D19421000505230000059B0000000000000000000004FC000004BC000000000000000001634F
 
--> !D19420017814.
<-- :D19421000502610000053C0000000000000000000004E2000004C00000000000000000016325
 
--> !D19420017814.
<-- :D1942100050507000003C20000000000000000000004E3000004B7000000000000000001632C
 
--> !D19420017814.
<-- :D1942100050454000004D20000000000000000000004DE000004B80000000000000000016341
 
--> !D19420017814.
<-- :D19421000502CD0000041A0000000000000000000004CC000004B20000000000000000016350
 
--> !D19420017814.
<-- :D19421000503AE0000043E0000000000000000000004C2000004AF0000000000000000016358
 
--> !D19420017814.
<-- :D19421000503A30000049E0000000000000000000004B9000004AE0000000000000000016351
 
--> !D19420017814.
<-- :D194210005033F000003AF0000000000000000000004AD000004A60000000000000000016359
 
--> !D19420017814.
<-- :D194210005024B000004C700000000000000000000049B000004A70000000000000000016340
 
--> !D19420017814.
<-- :D19421000504CE000004BA00000000000000000000049C000004A8000000000000000001635F
 
--> !D19420017814.
<-- :D194210005038B000002B0000000000000000000000494000004990000000000000000016327
 
--> !D19420017814.
<-- :D194210005022C000003CB00000000000000000000048300000493000000000000000001632D
 
--> !D19420017814.
<-- :D19421000508260000043300000000000000000000049C000004910000000000000000016317
 
--> !D19420017814.
<-- :D1942100050DB6000004220000000000000000000004DA0000048E000000000000000001634D
 
--> !D19420017814.
<-- :D1942100050739000003D90000000000000000000004E9000004890000000000000000016339
 
--> !D19420017814.
<-- :D1942100050A3C0000050600000000000000000000050B0000048C0000000000000000016337
 
--> !D19420017814.
<-- :D1942100050BF70000046B0000000000000000000005370000048C0000000000000000016348
 
--> !D19420017814.
<-- :D1942100050335000003F700000000000000000000052A000004880000000000000000016326
 
--> !D19420017814.
<-- :D19421000508730000044400000000000000000000053E00000486000000000000000001631C
 
--> !D19420017814.
<-- :D194210005036500000471000000000000000000000533000004860000000000000000016306
 
--> !D19420017814.
<-- :D194210005019B0000042100000000000000000000051F00000484000000000000000001631E
 
--> !D19420017814.
<-- :D19421000509EE000004A300000000000000000000053900000484000000000000000001633B
 
--> !D19420017814.
<-- :D194210005035C000004C500000000000000000000052F000004860000000000000000016335
 
--> !D19420017814.
<-- :D1942100050DA90000050A00000000000000000000055C000004880000000000000000016344
 
--> !D19420017814.
<-- :D194210005069F000003FD000000000000000000000563000004860000000000000000016341
 
--> !D19420017814.
<-- :D19421000502D5000005A40000000000000000000005560000048B0000000000000000016332
 
--> !D19420017814.
<-- :D1942100050C750000047800000000000000000000057A0000048B000000000000000001633C
 
--> !D19420017814.
<-- :D194210005019C0000059500000000000000000000056700000490000000000000000001631E
 
--> !D19420017814.
<-- :D1942100050496000004530000000000000000000005630000048F000000000000000001631E
 
--> !D19420017814.
<-- :D194210005052B000004FE000000000000000000000562000004910000000000000000016332
 
--> !D19420017814.
<-- :D1942100050891000003AE0000000000000000000005700000048D0000000000000000016336
 
--> !D19420017814.
<-- :D1942100050604000005140000000000000000000005730000048F0000000000000000016314
 
--> !D19420017814.
<-- :D19421000508B4000004780000000000000000000005820000048F0000000000000000016331
 
--> !D19420017814.
<-- :D1942100050488000003DB00000000000000000000057D0000048C000000000000000001634B
 
--> !D19420017814.
<-- :D1942100050F81000004870000000000000000000005A90000048C000000000000000001633F
 
--> !D19420017814.
<-- :D1942100050A900000038B0000000000000000000005BE000004870000000000000000016345
 
--> !D19420017814.
<-- :D19421000508C4000004E70000000000000000000005CA00000489000000000000000001634C
 
--> !D19420017814.
<-- :D1942100050237000004600000000000000000000005BC000004880000000000000000016323
 
--> !D19420017814.
<-- :D1942100050211000004D10000000000000000000005AD00000489000000000000000001632B
 
--> !D19420017814.
<-- :D19421000503DE000003E70000000000000000000005A5000004870000000000000000016348
 
--> !D19420017814.
<-- :D1942100050A16000003780000000000000000000005B7000004830000000000000000016326
 
--> !D19420017814.
<-- :D1942100050262000003E80000000000000000000005AA00000480000000000000000001632C
 
--> !D19420017814.
<-- :D1942100050A1D0000055F0000000000000000000005BB00000484000000000000000001634E
 
--> !D19420017814.
<-- :D1942100050240000003D80000000000000000000005AE00000481000000000000000001632C
 
--> !D19420017814.
<-- :D19421000501AD000004AA00000000000000000000059F00000482000000000000000001634D
 
--> !D19420017814.
<-- :D19421000501F8000004ED00000000000000000000059200000483000000000000000001633A
 
--> !D19420017814.
<-- :D19421000507DE0000047C00000000000000000000059A00000483000000000000000001634B
 
--> !D19420017814.
<-- :D19421000509F6000004AF0000000000000000000005A900000484000000000000000001634E
 
--> !D19420017814.
<-- :D1942100050326000004640000000000000000000005A100000483000000000000000001630E
 
--> !D19420017814.
<-- :D194210005017E0000048A000000000000000000000592000004830000000000000000016328
 
--> !D19420017814.
<-- :D19421000502D400000569000000000000000000000589000004860000000000000000016325
 
--> !D19420017814.
<-- :D194210005022F000004D200000000000000000000057E000004870000000000000000016337
 
--> !D19420017814.
<-- :D194210005025300000471000000000000000000000573000004870000000000000000016307
 
--> !D19420017814.
<-- :D1942100050A870000042600000000000000000000058400000486000000000000000001631E
 
--> !D19420017814.
<-- :D19421000507A90000040600000000000000000000058B000004840000000000000000016329
 
--> !D19420017814.
<-- :D194210005037A0000040E000000000000000000000584000004830000000000000000016323
 
--> !D19420017814.
<-- :D194210005035C0000042400000000000000000000057D000004810000000000000000016321
 
--> !D19420017814.
<-- :D194210005054A000004C000000000000000000000057D00000482000000000000000001632E
 
--> !D19420017814.
<-- :D194210005023D00000446000000000000000000000573000004820000000000000000016313
 
--> !D19420017814.
<-- :D1942100050320000004E400000000000000000000056C00000483000000000000000001631E
 
--> !D19420017814.
<-- :D1942100050B130000040900000000000000000000057D00000481000000000000000001631F
 
--> !D19420017814.
<-- :D1942100050285000004D5000000000000000000000574000004820000000000000000016319
 
--> !D19420017814.
<-- :D1942100050A4F0000060A000000000000000000000582000004870000000000000000016333
 
--> !D19420017814.
<-- :D19421000503820000048A00000000000000000000057C00000487000000000000000001632B
 
--> !D19420017814.
<-- :D19421000503480000046100000000000000000000057600000486000000000000000001630D
 
--> !D19420017814.
<-- :D194210005029F0000053D00000000000000000000056E000004880000000000000000016340
 
--> !D19420017814.
<-- :D19421000501C3000005BA0000000000000000000005630000048C000000000000000001633B
 
--> !D19420017814.
<-- :D19421000504D00000057B0000000000000000000005620000048E0000000000000000016333
 
--> !D19420017814.
<-- :D1942100050AB20000055F00000000000000000000057000000491000000000000000001632E
 
--> !D19420017814.
<-- :D194210005055500000507000000000000000000000570000004920000000000000000016305
 
--> !D19420017814.
<--  
--> !D19420017814.
<-- :D19421000501E2000004C9000000000000000000000560000004940000000000000000016323
 
--> !D19420017814.
<-- :D19421000504EB000004E100000000000000000000055F000004950000000000000000016346
 
--> !D19420017814.
<-- :D194210005029F0000036500000000000000000000055700000492000000000000000001631E
 
--> !D19420017814.
<-- :D19421000504E80000038D0000000000000000000005560000048F0000000000000000016341
 
--> !D19420017814.
<--  
--> !D19420017814.
<-- :D1942100051040000003CE0000000000000000000005690000048F0000000000000000016335
 
--> !D19420017814.
<-- :D19421000501FD00000499000000000000000000000560000004900000000000000000016328
 
--> !D19420017814.
<-- :D1942100050941000003A000000000000000000000056A0000048D000000000000000001632D
 
--> !D19420017814.
<-- :D1942000010000000000000000000000000000000000000000000000000000000000000000C1
 
--> !D19420017814.
<-- :D1942000010000000000000000000000000000000000000000000000000000000000000000C1
 
--> !D19420017814.
<-- :D1942000010000000000000000000000000000000000000000000000000000000000000000C1
 
--> !D19420017814.
<-- :D1942000010000000000000000000000000000000000000000000000000000000000000000C1
 
--> !D19420017814.
<-- :D1942000010000000000000000000000000000000000000000000000000000000000000000C1
 
--> !D19420017814.
<-- :D1942000010000000000000000000000000000000000000000000000000000000000000000C1
 
--> !D19420017814.
<-- :D1942000010000000000000000000000000000000000000000000000000000000000000000C1
 
--> !D19420017814.
<-- :D1942000010000000000000000000000000000000000000000000000000000000000000000C1
 
--> !D19420017814.
<-- :D1942000010000000000000000000000000000000000000000000000000000000000000000C1
 
--> !D19420017814.
