*** NOTA: 

--> !D19427010814.
<-- :D19427010803008C
 
--> !D19427010814.
<-- :D19427010803008C
 
--> !D1942303300D.
<-- :D194230330pruebas lab      Remote Control 54
 
--> !D1942303300D.
<-- :D194230330pruebas lab      Remote Control 54
 
--> !D1942103200A.
<-- :D19421032000C5142419FF1409142419FF1409FFFF3EC8000601860000FFFFFFFF32303030D9
 
--> !D1942103200A.
<-- :D19421032000C5142419FF1409142419FF1409FFFF3EC8000601860000FFFFFFFF32303030D9
 
--> !D19421030008.
<-- :D1942103000707020F060326371412010101000100010001000100010001000100AD8F7BF78F
 
--> !D19421030008.
<-- :D1942103000707020F060326371412010101000100010001000100010001000100AD8F7BF78F
 
--> !D19421031009.
<-- :D19421031009B8035B07800000000000000000016302005ECFABBFFFB4060526011412034A20
 
--> !D19421031009.
<-- :D19421031009B8035B07800000000000000000016302005ECFABBFFFB4060526011412034A20
 
--> !D1942103400C.
<-- :D19421034007E702FC079D079D033B076B0DA603DC077900000707020F06172605141201024C
 

