--> !D19427010915.
<-- :D194270109034AA2
 
--> !D19427010915.
<-- :D194270109034AA2
 
--> !D19423037A22.
<-- :D19423037Apruebas lab      Remote Control 69
 
--> !D19423037A22.
<-- :D19423037Apruebas lab      Remote Control 69
 
--> !D19421036A1F.
<-- :D19421036A00C8142419FF1409142419FF1409FFFF404C000601890000FFFFFFFF32303030DC
 
--> !D19421036A1F.
<-- :D19421036A00C8142419FF1409142419FF1409FFFF404C000601890000FFFFFFFF32303030DC
 
--> !D19421034A1D.
<-- :D19421034A0707020F0617260514120102010001000100010001000100010001000A0A022B64
 
--> !D19421034A1D.
<-- :D19421034A0707020F0617260514120102010001000100010001000100010001000A0A022B64
 
--> !D19421035A1E.
<-- :D19421035A05D502B307170000000000000000016300000716141005C9061726011412038E9B
 
--> !D19421035A1E.
<-- :D19421035A05D502B307170000000000000000016300000716141005C9061726011412038E9B
 
--> !D19421038A21.
<-- :D19421038A05D502B30717000006910482081B13CB075A06380D6103F008E70D8B03DA07E781
 
--> !D19427010814.
<-- :D19427010803008C
 
--> !D19427010814.
<-- :D19427010803008C
 
--> !D1942303300D.
<-- :D194230330pruebas lab      Remote Control 54
 
--> !D1942303300D.
<-- :D194230330pruebas lab      Remote Control 54
 
--> !D1942103200A.
<-- :D19421032000C5142419FF1409142419FF1409FFFF3EC8000601860000FFFFFFFF32303030D9
 
--> !D1942103200A.
<-- :D19421032000C5142419FF1409142419FF1409FFFF3EC8000601860000FFFFFFFF32303030D9
 
--> !D19421030008.
<-- :D1942103000707020F060326371412010101000100010001000100010001000100AD8F7BF78F
 
--> !D19421030008.
<-- :D1942103000707020F060326371412010101000100010001000100010001000100AD8F7BF78F
 
--> !D19421031009.
<-- :D19421031009B8035B07800000000000000000016302005ECFABBFFFB4060526011412034A20
 
--> !D19421031009.
<-- :D19421031009B8035B07800000000000000000016302005ECFABBFFFB4060526011412034A20
 
--> !D1942103400C.
<-- :D19421034007E702FC079D079D033B076B0DA603DC077900000707020F06172605141201024C
 

